TN:
SF:index.js
FN:22,(anonymous_0)
FN:24,(anonymous_1)
FN:24,(anonymous_2)
FN:26,(anonymous_3)
FN:35,(anonymous_4)
FN:50,(anonymous_5)
FN:56,(anonymous_6)
FN:76,(anonymous_7)
FN:79,(anonymous_8)
FN:81,(anonymous_9)
FN:90,(anonymous_10)
FN:96,(anonymous_11)
FN:115,(anonymous_12)
FN:135,(anonymous_13)
FNF:14
FNH:13
FNDA:1,(anonymous_0)
FNDA:17,(anonymous_1)
FNDA:25,(anonymous_2)
FNDA:23,(anonymous_3)
FNDA:3,(anonymous_4)
FNDA:19,(anonymous_5)
FNDA:124,(anonymous_6)
FNDA:5,(anonymous_7)
FNDA:0,(anonymous_8)
FNDA:19,(anonymous_9)
FNDA:2,(anonymous_10)
FNDA:4,(anonymous_11)
FNDA:33,(anonymous_12)
FNDA:2,(anonymous_13)
DA:1,1
DA:2,1
DA:4,1
DA:22,1
DA:24,25
DA:26,1
DA:27,23
DA:28,23
DA:34,1
DA:35,1
DA:36,3
DA:38,3
DA:43,3
DA:44,0
DA:45,0
DA:47,3
DA:50,3
DA:51,19
DA:54,19
DA:56,124
DA:57,19
DA:60,0
DA:63,0
DA:64,0
DA:65,0
DA:66,0
DA:70,0
DA:73,19
DA:76,3
DA:78,5
DA:79,0
DA:81,19
DA:85,3
DA:88,2
DA:90,2
DA:91,2
DA:92,2
DA:93,0
DA:94,0
DA:96,2
DA:97,4
DA:102,4
DA:107,3
DA:108,3
DA:109,3
DA:110,17
DA:111,17
DA:114,17
DA:115,17
DA:116,33
DA:117,33
DA:118,32
DA:119,32
DA:120,2
DA:121,2
DA:124,1
DA:125,1
DA:128,32
DA:132,16
DA:133,2
DA:134,2
DA:135,2
DA:136,2
DA:137,2
DA:139,2
DA:151,14
DA:152,6
DA:153,6
DA:156,8
DA:157,1
DA:159,8
DA:160,8
DA:163,16
DA:164,9
DA:170,1
DA:175,1
LF:76
LH:65
BRDA:28,0,0,15
BRDA:28,0,1,8
BRDA:35,1,0,0
BRDA:35,2,0,0
BRDA:35,3,0,1
BRDA:35,4,0,0
BRDA:35,5,0,3
BRDA:35,6,0,0
BRDA:35,7,0,2
BRDA:36,8,0,3
BRDA:36,8,1,3
BRDA:43,9,0,0
BRDA:43,9,1,3
BRDA:51,10,0,0
BRDA:51,10,1,19
BRDA:51,11,0,0
BRDA:51,11,1,19
BRDA:54,12,0,19
BRDA:54,12,1,0
BRDA:65,13,0,0
BRDA:65,13,1,0
BRDA:78,14,0,0
BRDA:78,14,1,5
BRDA:85,15,0,2
BRDA:85,15,1,1
BRDA:91,16,0,2
BRDA:91,16,1,0
BRDA:92,17,0,0
BRDA:92,17,1,2
BRDA:92,18,0,2
BRDA:92,18,1,2
BRDA:107,19,0,3
BRDA:107,19,1,0
BRDA:110,20,0,17
BRDA:110,20,1,2
BRDA:114,21,0,17
BRDA:114,21,1,0
BRDA:117,22,0,1
BRDA:117,22,1,32
BRDA:118,23,0,0
BRDA:118,23,1,32
BRDA:119,24,0,2
BRDA:119,24,1,30
BRDA:119,25,0,32
BRDA:119,25,1,20
BRDA:132,26,0,2
BRDA:132,26,1,14
BRDA:133,27,0,2
BRDA:133,27,1,0
BRDA:134,28,0,2
BRDA:134,28,1,0
BRDA:136,29,0,2
BRDA:136,29,1,0
BRDA:151,30,0,6
BRDA:151,30,1,8
BRDA:156,31,0,1
BRDA:156,31,1,7
BRDA:163,32,0,9
BRDA:163,32,1,7
BRDA:163,33,0,16
BRDA:163,33,1,16
BRF:61
BRH:42
end_of_record
